<?xml version="1.0" encoding="UTF-8"?>
<testng-results skipped="0" failed="0" ignored="0" total="1" passed="1">
  <reporter-output>
  </reporter-output>
  <suite name="Regression Suite" duration-ms="77148" started-at="2021-05-24T08:45:26Z" finished-at="2021-05-24T08:46:43Z">
    <groups>
    </groups>
    <test name="Credit card test" duration-ms="77148" started-at="2021-05-24T08:45:26Z" finished-at="2021-05-24T08:46:43Z">
      <class name="test.LoginTest">
        <test-method status="PASS" signature="setup()[pri:0, instance:test.LoginTest@2aa3cd93]" name="setup" is-config="true" duration-ms="54328" started-at="2021-05-24T08:45:26Z" finished-at="2021-05-24T08:46:20Z">
          <reporter-output>
          </reporter-output>
        </test-method> <!-- setup -->
        <test-method status="PASS" signature="login(java.lang.String, java.lang.String)[pri:0, instance:test.LoginTest@2aa3cd93]" name="login" duration-ms="19952" started-at="2021-05-24T08:46:20Z" finished-at="2021-05-24T08:46:40Z">
          <params>
            <param index="0">
              <value>
                <![CDATA[mee@gmail.com]]>
              </value>
            </param>
            <param index="1">
              <value>
                <![CDATA[xyz@18]]>
              </value>
            </param>
          </params>
          <reporter-output>
          </reporter-output>
        </test-method> <!-- login -->
        <test-method status="PASS" signature="teardown()[pri:0, instance:test.LoginTest@2aa3cd93]" name="teardown" is-config="true" duration-ms="2827" started-at="2021-05-24T08:46:40Z" finished-at="2021-05-24T08:46:43Z">
          <reporter-output>
          </reporter-output>
        </test-method> <!-- teardown -->
      </class> <!-- test.LoginTest -->
    </test> <!-- Credit card test -->
  </suite> <!-- Regression Suite -->
</testng-results>
