<?xml version="1.0" encoding="UTF-8"?>
<testng-results ignored="0" total="1" passed="1" failed="0" skipped="0">
  <reporter-output>
  </reporter-output>
  <suite started-at="2021-05-23T14:04:12Z" name="Regression Suite" finished-at="2021-05-23T14:04:33Z" duration-ms="21289">
    <groups>
    </groups>
    <test started-at="2021-05-23T14:04:12Z" name="Credit card test" finished-at="2021-05-23T14:04:33Z" duration-ms="21289">
      <class name="test.LoginTest">
        <test-method is-config="true" signature="setup()[pri:0, instance:test.LoginTest@302f7971]" started-at="2021-05-23T14:04:12Z" name="setup" finished-at="2021-05-23T14:04:21Z" duration-ms="9543" status="PASS">
          <reporter-output>
          </reporter-output>
        </test-method> <!-- setup -->
        <test-method signature="login(java.lang.String, java.lang.String)[pri:0, instance:test.LoginTest@302f7971]" started-at="2021-05-23T14:04:21Z" name="login" finished-at="2021-05-23T14:04:32Z" duration-ms="10482" status="PASS">
          <params>
            <param index="0">
              <value>
                <![CDATA[mee@gmail.com]]>
              </value>
            </param>
            <param index="1">
              <value>
                <![CDATA[xyz@18]]>
              </value>
            </param>
          </params>
          <reporter-output>
          </reporter-output>
        </test-method> <!-- login -->
        <test-method is-config="true" signature="teardown()[pri:0, instance:test.LoginTest@302f7971]" started-at="2021-05-23T14:04:32Z" name="teardown" finished-at="2021-05-23T14:04:33Z" duration-ms="1227" status="PASS">
          <reporter-output>
          </reporter-output>
        </test-method> <!-- teardown -->
      </class> <!-- test.LoginTest -->
    </test> <!-- Credit card test -->
  </suite> <!-- Regression Suite -->
</testng-results>
